<?xml version="1.0" encoding="UTF-8"?>
<!-- Generated by org.testng.reporters.JUnitReportReporter -->
<testsuite skipped="0" hostname="NBG-ENG-050" name="test.TestPage" tests="2" failures="0" timestamp="2021-06-21T17:18:57 CEST" time="1.974" errors="0">
  <testcase name="signUpPageTest" time="0.506" classname="test.TestPage"/>
  <system-out/>
  <testcase name="loginPageTest" time="1.468" classname="test.TestPage"/>
  <system-out/>
</testsuite> <!-- test.TestPage -->
