<?xml version="1.0" encoding="UTF-8"?>
<!-- Generated by org.testng.reporters.JUnitReportReporter -->
<testsuite hostname="NBG-ENG-050" failures="0" tests="5" name="test.TestPage" time="65.522" errors="0" timestamp="2021-04-19T12:50:18 CEST" skipped="0">
  <testcase classname="test.TestPage" name="runingMethod" time="11.522"/>
  <testcase classname="test.TestPage" name="checkNumberOfLocation" time="9.041"/>
  <testcase classname="test.TestPage" name="checkWorkingHoursForSunday" time="8.471"/>
  <testcase classname="test.TestPage" name="checkCanThreeItemsBeAdded" time="12.496"/>
  <testcase classname="test.TestPage" name="checkCanFiveItemsBeAdded" time="23.992"/>
</testsuite> <!-- test.TestPage -->
